<?xml version="1.0" encoding="UTF-8"?>
<!-- Generated by org.testng.reporters.JUnitReportReporter -->
<testsuite hostname="DESKTOP-ULMMDGA" failures="0" tests="6" name="com.sfe.testscripts.SignUpPageTest" time="81.367" errors="0" timestamp="2022-11-08T13:32:56 IST" skipped="0">
  <testcase classname="com.sfe.testscripts.SignUpPageTest" name="googleSingUp" time="25.395"/>
  <system-out/>
  <testcase classname="com.sfe.testscripts.SignUpPageTest" name="whatsAppSignUp" time="10.964"/>
  <system-out/>
  <testcase classname="com.sfe.testscripts.SignUpPageTest" name="facebookSingUp" time="17.760"/>
  <system-out/>
  <testcase classname="com.sfe.testscripts.SignUpPageTest" name="emailSingUp" time="10.898"/>
  <system-out/>
  <testcase classname="com.sfe.testscripts.SignUpPageTest" name="AlreadyAMemberSignin" time="3.990"/>
  <system-out/>
  <testcase classname="com.sfe.testscripts.SignUpPageTest" name="mobileSignUp" time="12.360"/>
  <system-out/>
</testsuite> <!-- com.sfe.testscripts.SignUpPageTest -->
