<?xml version="1.0" encoding="UTF-8"?>
<!-- Generated by org.testng.reporters.JUnitReportReporter -->
<testsuite hostname="DESKTOP-ULMMDGA" failures="0" tests="1" name="com.sfe.testscripts.ProfilePageTest" time="94.355" errors="0" timestamp="2022-11-08T13:32:56 IST" skipped="0">
  <testcase classname="com.sfe.testscripts.ProfilePageTest" name="editProfilePage" time="94.355"/>
  <system-out/>
</testsuite> <!-- com.sfe.testscripts.ProfilePageTest -->
